
**** Build of configuration Debug for project BaseProject ****

C:\Users\Bartek\Desktop\android-ndk-r8c\ndk-build.cmd && make all 
"Compile thumb : gpMain <= gp_Main.c
In file included from jni/gp_Main.c:5:0:
jni/..\source\alloc\gp_Alloc.c: In function 'gpAlloc_alloc':
jni/..\source\alloc\gp_Alloc.c:37:3: warning: return discards 'const' qualifier from pointer target type [enabled by default]
jni/..\source\alloc\gp_Alloc.c:47:3: warning: return discards 'const' qualifier from pointer target type [enabled by default]
jni/..\source\alloc\gp_Alloc.c: In function '_gpAlloc_freeSpaceInRange':
jni/..\source\alloc\gp_Alloc.c:95:2: warning: return discards 'const' qualifier from pointer target type [enabled by default]
In file included from jni/gp_Main.c:7:0:
jni/..\source\instance\gp_Instance.c: In function 'gpInstance_createInstance':
jni/..\source\instance\gp_Instance.c:50:27: warning: 'size' may be used uninitialized in this function [-Wuninitialized]
jni/..\source\instance\gp_Instance.c:50:22: warning: 'pts' may be used uninitialized in this function [-Wuninitialized]
SharedLibrary  : libgpMain.so
Install        : libgpMain.so => libs/armeabi/libgpMain.so
mkdir -p D:\Common\projects\mikro_repo\Mikro\project_c\BaseProject\i386
gcc -c -g -I"D:\Common\projects\mikro_repo\Mikro\project_c\BaseProject\Include/Base" -I"D:\Common\projects\mikro_repo\Mikro\project_c\BaseProject\Include/Math" -I"D:\Common\projects\mikro_repo\Mikro\project_c\BaseProject\Include/Alloc" -I"D:\Common\projects\mikro_repo\Mikro\project_c\BaseProject\Include/Instance" -I"D:\Common\projects\mikro_repo\Mikro\project_c\BaseProject\Include/InstanceLearner" -I"D:\Common\projects\mikro_repo\Mikro\project_c\BaseProject\Include/InputGesture" -I"D:\Common\projects\mikro_repo\Mikro\project_c\BaseProject\Include/OutputGesture" -I"D:\Common\projects\mikro_repo\Mikro\project_c\BaseProject\Include/GestureStore"  -D DEBUG -std=c99  -Wno-main -Wall -o "D:\Common\projects\mikro_repo\Mikro\project_c\BaseProject\i386\gp_Main.o" jni/gp_Main.c
In file included from jni/gp_Main.c:5:0:
jni/..\source\alloc\gp_Alloc.c: In function 'gpAlloc_alloc':
jni/..\source\alloc\gp_Alloc.c:37:3: warning: return discards 'const' qualifier from pointer target type [enabled by default]
jni/..\source\alloc\gp_Alloc.c:47:3: warning: return discards 'const' qualifier from pointer target type [enabled by default]
jni/..\source\alloc\gp_Alloc.c: In function '_gpAlloc_freeSpaceInRange':
jni/..\source\alloc\gp_Alloc.c:95:2: warning: return discards 'const' qualifier from pointer target type [enabled by default]
jni/gp_Main.c: In function 'gpInstance_createInstance':
jni/..\source\instance\gp_Instance.c:50:27: warning: 'size' may be used uninitialized in this function [-Wuninitialized]
jni/..\source\instance\gp_Instance.c:50:22: warning: 'pts' may be used uninitialized in this function [-Wuninitialized]
ar -r "D:\Common\projects\mikro_repo\Mikro\project_c\BaseProject\i386\libgpMain.a" "D:\Common\projects\mikro_repo\Mikro\project_c\BaseProject\i386\gp_Main.o" 
make all -C "D:\Common\projects\mikro_repo\Mikro\project_c\BaseProject\Include\Base\Generator"
make[1]: Entering directory `/d/Common/projects/mikro_repo/Mikro/project_c/BaseProject/Include/Base/Generator'
rm -f *.o *.exe
gcc -D DEBUG -g -std=c99  -Wno-main -Wall    generator.c   -o generator
./generator.exe
donemake[1]: Leaving directory `/d/Common/projects/mikro_repo/Mikro/project_c/BaseProject/Include/Base/Generator'
make all -C "Source\Base"
make[1]: Entering directory `/d/Common/projects/mikro_repo/Mikro/project_c/BaseProject/Source/Base'
gcc -g -I"../../Include/Base" -D DEBUG -std=c99  -Wno-main -Wall -o "D:\Common\projects\mikro_repo\Mikro\project_c\BaseProject\i386\gp_example" gp_error.o gp_types.o gp_error_codes.o gp_example.o
make[1]: Leaving directory `/d/Common/projects/mikro_repo/Mikro/project_c/BaseProject/Source/Base'

**** Build Finished ****

**** Build of configuration Debug for project Tests ****

make all 
Building target: Tests.exe
Invoking: MinGW C Linker
gcc -L"D:\Common\projects\mikro_repo\Mikro\project_c\Tests\lib" -L"D:\Common\projects\mikro_repo\Mikro\project_c\BaseProject\i386" -o "Tests.exe"  ./Source/Alloc/gpAlloc.o  ./Source/AllTests.o ./Source/Suites.o   -lcunit -lgpMain
Finished building target: Tests.exe
 

**** Build Finished ****
