\BOOKMARK [1][-]{section.1}{Temat}{}% 1
\BOOKMARK [1][-]{section.2}{Cel}{}% 2
\BOOKMARK [1][-]{section.3}{Opis zagadnienia}{}% 3
\BOOKMARK [1][-]{section.4}{Lista gest\363w}{}% 4
\BOOKMARK [1][-]{section.5}{Udostepniana funkcjonalnosc}{}% 5
\BOOKMARK [2][-]{subsection.5.1}{gp\137Main.h}{section.5}% 6
\BOOKMARK [3][-]{subsubsection.5.1.1}{Gesture definitions}{subsection.5.1}% 7
\BOOKMARK [3][-]{subsubsection.5.1.2}{Data structures}{subsection.5.1}% 8
\BOOKMARK [3][-]{subsubsection.5.1.3}{Functions}{subsection.5.1}% 9
\BOOKMARK [2][-]{subsection.5.2}{gp\137Alloc.h}{section.5}% 10
\BOOKMARK [3][-]{subsubsection.5.2.1}{Constants}{subsection.5.2}% 11
\BOOKMARK [3][-]{subsubsection.5.2.2}{Functions}{subsection.5.2}% 12
\BOOKMARK [2][-]{subsection.5.3}{gp.h}{section.5}% 13
\BOOKMARK [2][-]{subsection.5.4}{gp\137bool.h}{section.5}% 14
\BOOKMARK [3][-]{subsubsection.5.4.1}{Constants}{subsection.5.4}% 15
\BOOKMARK [2][-]{subsection.5.5}{gp\137point.h}{section.5}% 16
\BOOKMARK [3][-]{subsubsection.5.5.1}{Data structures}{subsection.5.5}% 17
\BOOKMARK [3][-]{subsubsection.5.5.2}{Functions}{subsection.5.5}% 18
\BOOKMARK [2][-]{subsection.5.6}{gp\137printf.h}{section.5}% 19
\BOOKMARK [2][-]{subsection.5.7}{gp\137types.h}{section.5}% 20
\BOOKMARK [3][-]{subsubsection.5.7.1}{Data types}{subsection.5.7}% 21
\BOOKMARK [3][-]{subsubsection.5.7.2}{Constants}{subsection.5.7}% 22
\BOOKMARK [2][-]{subsection.5.8}{gp\137vector.h}{section.5}% 23
\BOOKMARK [3][-]{subsubsection.5.8.1}{Data structures}{subsection.5.8}% 24
\BOOKMARK [3][-]{subsubsection.5.8.2}{Functions}{subsection.5.8}% 25
\BOOKMARK [2][-]{subsection.5.9}{gp\137gestures\137parameters.h}{section.5}% 26
\BOOKMARK [3][-]{subsubsection.5.9.1}{Constants}{subsection.5.9}% 27
\BOOKMARK [2][-]{subsection.5.10}{gp\137gestures\137results.h}{section.5}% 28
\BOOKMARK [3][-]{subsubsection.5.10.1}{Constants}{subsection.5.10}% 29
\BOOKMARK [2][-]{subsection.5.11}{gp\137MotionEvent.h}{section.5}% 30
\BOOKMARK [3][-]{subsubsection.5.11.1}{Constants}{subsection.5.11}% 31
\BOOKMARK [2][-]{subsection.5.12}{gp\137OutputGesture.h}{section.5}% 32
\BOOKMARK [3][-]{subsubsection.5.12.1}{Data structures}{subsection.5.12}% 33
\BOOKMARK [2][-]{subsection.5.13}{gp\137Math.h}{section.5}% 34
\BOOKMARK [3][-]{subsubsection.5.13.1}{Constants}{subsection.5.13}% 35
\BOOKMARK [3][-]{subsubsection.5.13.2}{Functions}{subsection.5.13}% 36
\BOOKMARK [1][-]{section.6}{Pliki}{}% 37
